<?xml version="1.0" encoding="UTF-8"?>
<!-- Generated by org.testng.reporters.JUnitXMLReporter -->
<testsuite ignored="11" hostname="HYD-5CG0262H0J" failures="0" tests="1" name="EcommerceTest" time="23.386" errors="0" timestamp="2023-11-30T15:34:38 IST">
  <testcase classname="com.amazon.testcases.TC_LoginTest" name="testLogin" time="11.199"/>
  <testcase classname="com.amazon.testcases.TC_CartFunctionalityTest" name="testAddToCartUs" time="0.0">
    <ignored/>
  </testcase> <!-- testAddToCartUs -->
  <testcase classname="com.amazon.testcases.TC_DataBaseTest" name="testMaxPriceQuery" time="0.0">
    <ignored/>
  </testcase> <!-- testMaxPriceQuery -->
  <testcase classname="com.amazon.testcases.TC_CartFunctionalityTest" name="testAddToCart" time="0.0">
    <ignored/>
  </testcase> <!-- testAddToCart -->
  <testcase classname="com.amazon.testcases.TC_LoginTest" name="testLoginDDT" time="0.0">
    <ignored/>
  </testcase> <!-- testLoginDDT -->
  <testcase classname="com.amazon.testcases.TC_CheckOutTest" name="testCheckOut" time="0.0">
    <ignored/>
  </testcase> <!-- testCheckOut -->
  <testcase classname="com.amazon.testcases.TC_SearchTest" name="testSearchProduct" time="0.0">
    <ignored/>
  </testcase> <!-- testSearchProduct -->
  <testcase classname="com.amazon.testcases.TC_CartFunctionalityTest" name="testRemoveFromCart" time="0.0">
    <ignored/>
  </testcase> <!-- testRemoveFromCart -->
  <testcase classname="com.amazon.testcases.TC_RegisterTest" name="testNewRegistrationWithEmail" time="0.0">
    <ignored/>
  </testcase> <!-- testNewRegistrationWithEmail -->
  <testcase classname="com.amazon.testcases.TC_DataBaseTest" name="testDisplayOrderList" time="0.0">
    <ignored/>
  </testcase> <!-- testDisplayOrderList -->
  <testcase classname="com.amazon.testcases.TC_RegisterTest" name="testNewRegistrationWithMobileNumber" time="0.0">
    <ignored/>
  </testcase> <!-- testNewRegistrationWithMobileNumber -->
  <testcase classname="com.amazon.testcases.TC_DataBaseTest" name="testMostSoldOutProductQuery" time="0.0">
    <ignored/>
  </testcase> <!-- testMostSoldOutProductQuery -->
</testsuite> <!-- EcommerceTest -->
