<?xml version="1.0" encoding="UTF-8"?>
<testng-results ignored="3" total="7" passed="4" failed="0" skipped="0">
  <reporter-output>
  </reporter-output>
  <suite started-at="2023-11-12T23:34:20 IST" name="AmazonCP" finished-at="2023-11-12T23:35:23 IST" duration-ms="62921">
    <groups>
    </groups>
    <test started-at="2023-11-12T23:34:20 IST" name="EcommerceTest" finished-at="2023-11-12T23:35:23 IST" duration-ms="62921">
      <class name="com.amazon.testcases.TC_LoginTest">
        <test-method is-config="true" signature="setup(java.lang.String)[pri:0, instance:com.amazon.testcases.TC_LoginTest@3f191845]" started-at="2023-11-12T23:34:20 IST" name="setup" finished-at="2023-11-12T23:34:26 IST" duration-ms="5953" status="PASS">
          <params>
            <param index="0">
              <value>
                <![CDATA[edge]]>
              </value>
            </param>
          </params>
          <reporter-output>
          </reporter-output>
        </test-method> <!-- setup -->
        <test-method is-config="true" signature="invokeBaseURL()[pri:0, instance:com.amazon.testcases.TC_LoginTest@3f191845]" started-at="2023-11-12T23:34:27 IST" name="invokeBaseURL" finished-at="2023-11-12T23:34:28 IST" duration-ms="1235" status="PASS">
          <reporter-output>
          </reporter-output>
        </test-method> <!-- invokeBaseURL -->
        <test-method signature="testLoginDDT(java.lang.String,java.lang.String)[pri:0, instance:com.amazon.testcases.TC_LoginTest@3f191845]" started-at="2023-11-12T23:34:28 IST" name="testLoginDDT" data-provider="LoginData" finished-at="2023-11-12T23:34:38 IST" duration-ms="9296" status="PASS">
          <params>
            <param index="0">
              <value>
                <![CDATA[rohithamazoncp@gmail.com]]>
              </value>
            </param>
            <param index="1">
              <value>
                <![CDATA[amazonCP]]>
              </value>
            </param>
          </params>
          <reporter-output>
          </reporter-output>
        </test-method> <!-- testLoginDDT -->
        <test-method is-config="true" signature="invokeBaseURL()[pri:0, instance:com.amazon.testcases.TC_LoginTest@3f191845]" started-at="2023-11-12T23:34:38 IST" name="invokeBaseURL" finished-at="2023-11-12T23:34:40 IST" duration-ms="2215" status="PASS">
          <reporter-output>
          </reporter-output>
        </test-method> <!-- invokeBaseURL -->
        <test-method signature="testLoginDDT(java.lang.String,java.lang.String)[pri:0, instance:com.amazon.testcases.TC_LoginTest@3f191845]" started-at="2023-11-12T23:34:40 IST" name="testLoginDDT" data-provider="LoginData" finished-at="2023-11-12T23:34:43 IST" duration-ms="2758" status="PASS">
          <params>
            <param index="0">
              <value>
                <![CDATA[rohithamazonp@gmail.com]]>
              </value>
            </param>
            <param index="1">
              <value>
                <![CDATA[amazonCP]]>
              </value>
            </param>
          </params>
          <reporter-output>
          </reporter-output>
        </test-method> <!-- testLoginDDT -->
        <test-method is-config="true" signature="invokeBaseURL()[pri:0, instance:com.amazon.testcases.TC_LoginTest@3f191845]" started-at="2023-11-12T23:34:43 IST" name="invokeBaseURL" finished-at="2023-11-12T23:34:44 IST" duration-ms="815" status="PASS">
          <reporter-output>
          </reporter-output>
        </test-method> <!-- invokeBaseURL -->
        <test-method signature="testLoginDDT(java.lang.String,java.lang.String)[pri:0, instance:com.amazon.testcases.TC_LoginTest@3f191845]" started-at="2023-11-12T23:34:44 IST" name="testLoginDDT" data-provider="LoginData" finished-at="2023-11-12T23:34:46 IST" duration-ms="2713" status="PASS">
          <params>
            <param index="0">
              <value>
                <![CDATA[rohithamazonp@gmail.com]]>
              </value>
            </param>
            <param index="1">
              <value>
                <![CDATA[amazoncP]]>
              </value>
            </param>
          </params>
          <reporter-output>
          </reporter-output>
        </test-method> <!-- testLoginDDT -->
        <test-method is-config="true" signature="invokeBaseURL()[pri:0, instance:com.amazon.testcases.TC_LoginTest@3f191845]" started-at="2023-11-12T23:34:46 IST" name="invokeBaseURL" finished-at="2023-11-12T23:34:47 IST" duration-ms="1184" status="PASS">
          <reporter-output>
          </reporter-output>
        </test-method> <!-- invokeBaseURL -->
        <test-method signature="testLoginDDT(java.lang.String,java.lang.String)[pri:0, instance:com.amazon.testcases.TC_LoginTest@3f191845]" started-at="2023-11-12T23:34:47 IST" name="testLoginDDT" data-provider="LoginData" finished-at="2023-11-12T23:35:23 IST" duration-ms="35174" status="PASS">
          <params>
            <param index="0">
              <value>
                <![CDATA[rohithamazoncp@gmail.com]]>
              </value>
            </param>
            <param index="1">
              <value>
                <![CDATA[amazoncP]]>
              </value>
            </param>
          </params>
          <reporter-output>
          </reporter-output>
        </test-method> <!-- testLoginDDT -->
        <test-method is-config="true" signature="tearDown()[pri:0, instance:com.amazon.testcases.TC_LoginTest@3f191845]" started-at="2023-11-12T23:35:23 IST" name="tearDown" finished-at="2023-11-12T23:35:23 IST" duration-ms="390" status="PASS">
          <reporter-output>
          </reporter-output>
        </test-method> <!-- tearDown -->
      </class> <!-- com.amazon.testcases.TC_LoginTest -->
    </test> <!-- EcommerceTest -->
  </suite> <!-- AmazonCP -->
</testng-results>
