<?xml version="1.0" encoding="UTF-8"?>
<!-- Generated by org.testng.reporters.JUnitXMLReporter -->
<testsuite ignored="8" hostname="HYD-5CG0262H0J" failures="0" tests="1" name="EcommerceTest" time="168.131" errors="0" timestamp="2023-11-21T19:29:54 IST">
  <testcase classname="com.amazon.testcases.TC_CheckOutTest" name="testCheckOut" time="119.928"/>
  <testcase classname="com.amazon.testcases.TC_LoginTest" name="testLoginDDT" time="0.0">
    <ignored/>
  </testcase> <!-- testLoginDDT -->
  <testcase classname="com.amazon.testcases.TC_CartFunctionalityTest" name="testAddToCart" time="0.0">
    <ignored/>
  </testcase> <!-- testAddToCart -->
  <testcase classname="com.amazon.testcases.TC_CartFunctionalityTest" name="testAddToCartUs" time="0.0">
    <ignored/>
  </testcase> <!-- testAddToCartUs -->
  <testcase classname="com.amazon.testcases.TC_RegisterTest" name="testNewRegistrationWithEmail" time="0.0">
    <ignored/>
  </testcase> <!-- testNewRegistrationWithEmail -->
  <testcase classname="com.amazon.testcases.TC_SearchTest" name="testSearchProduct" time="0.0">
    <ignored/>
  </testcase> <!-- testSearchProduct -->
  <testcase classname="com.amazon.testcases.TC_LoginTest" name="testLogin" time="0.0">
    <ignored/>
  </testcase> <!-- testLogin -->
  <testcase classname="com.amazon.testcases.TC_CartFunctionalityTest" name="testRemoveFromCart" time="0.0">
    <ignored/>
  </testcase> <!-- testRemoveFromCart -->
  <testcase classname="com.amazon.testcases.TC_RegisterTest" name="testNewRegistrationWithMobileNumber" time="0.0">
    <ignored/>
  </testcase> <!-- testNewRegistrationWithMobileNumber -->
</testsuite> <!-- EcommerceTest -->
