<?xml version="1.0" encoding="UTF-8"?>
<!-- Generated by org.testng.reporters.JUnitXMLReporter -->
<testsuite ignored="7" hostname="HYD-5CG0262H0J" failures="0" tests="1" name="EcommerceTest" time="44.019" errors="0" timestamp="2023-11-16T20:38:09 IST">
  <testcase classname="com.amazon.testcases.TC_CartFunctionalityTest" name="testAddToCart" time="38.637"/>
  <testcase classname="com.amazon.testcases.TC_RegisterTest" name="testNewRegistrationWithMobileNumber" time="0.0">
    <ignored/>
  </testcase> <!-- testNewRegistrationWithMobileNumber -->
  <testcase classname="com.amazon.testcases.TC_LoginTest" name="testLoginDDT" time="0.0">
    <ignored/>
  </testcase> <!-- testLoginDDT -->
  <testcase classname="com.amazon.testcases.TC_CartFunctionalityTest" name="testRemoveFromCart" time="0.0">
    <ignored/>
  </testcase> <!-- testRemoveFromCart -->
  <testcase classname="com.amazon.testcases.TC_RegisterTest" name="testNewRegistrationWithEmail" time="0.0">
    <ignored/>
  </testcase> <!-- testNewRegistrationWithEmail -->
  <testcase classname="com.amazon.testcases.TC_LoginTest" name="testLogin" time="0.0">
    <ignored/>
  </testcase> <!-- testLogin -->
  <testcase classname="com.amazon.testcases.TC_CheckOutTest" name="testCheckOut" time="0.0">
    <ignored/>
  </testcase> <!-- testCheckOut -->
  <testcase classname="com.amazon.testcases.TC_SearchTest" name="testSearchProduct" time="0.0">
    <ignored/>
  </testcase> <!-- testSearchProduct -->
</testsuite> <!-- EcommerceTest -->
