<?xml version="1.0" encoding="UTF-8"?>
<testng-results ignored="11" total="12" passed="1" failed="0" skipped="0">
  <reporter-output>
  </reporter-output>
  <suite started-at="2023-11-30T15:34:14 IST" name="AmazonCP" finished-at="2023-11-30T15:34:38 IST" duration-ms="23386">
    <groups>
    </groups>
    <test started-at="2023-11-30T15:34:14 IST" name="EcommerceTest" finished-at="2023-11-30T15:34:38 IST" duration-ms="23386">
      <class name="com.amazon.testcases.TC_LoginTest">
        <test-method is-config="true" signature="setup(java.lang.String)[pri:0, instance:com.amazon.testcases.TC_LoginTest@cecf639]" started-at="2023-11-30T15:34:14 IST" name="setup" finished-at="2023-11-30T15:34:23 IST" duration-ms="8889" status="PASS">
          <params>
            <param index="0">
              <value>
                <![CDATA[edge]]>
              </value>
            </param>
          </params>
          <reporter-output>
          </reporter-output>
        </test-method> <!-- setup -->
        <test-method is-config="true" signature="invokeBaseURL()[pri:0, instance:com.amazon.testcases.TC_LoginTest@cecf639]" started-at="2023-11-30T15:34:23 IST" name="invokeBaseURL" finished-at="2023-11-30T15:34:26 IST" duration-ms="2571" status="PASS">
          <reporter-output>
          </reporter-output>
        </test-method> <!-- invokeBaseURL -->
        <test-method signature="testLogin()[pri:0, instance:com.amazon.testcases.TC_LoginTest@cecf639]" started-at="2023-11-30T15:34:26 IST" name="testLogin" finished-at="2023-11-30T15:34:37 IST" duration-ms="11199" status="PASS">
          <reporter-output>
          </reporter-output>
        </test-method> <!-- testLogin -->
        <test-method is-config="true" signature="tearDown()[pri:0, instance:com.amazon.testcases.TC_LoginTest@cecf639]" started-at="2023-11-30T15:34:37 IST" name="tearDown" finished-at="2023-11-30T15:34:38 IST" duration-ms="648" status="PASS">
          <reporter-output>
          </reporter-output>
        </test-method> <!-- tearDown -->
      </class> <!-- com.amazon.testcases.TC_LoginTest -->
    </test> <!-- EcommerceTest -->
  </suite> <!-- AmazonCP -->
</testng-results>
